Using pre-set license

 COMMAND LINE ARGUMENTS:
/Applications/2020.3.9f1/Unity.app/Contents/MacOS/Unity
-adb2
-batchMode
-noUpm
-name
AssetImportWorker0
-projectPath
/Users/raghavagarwal/AR_Furniture
-logFile
Logs/AssetImportWorker0.log
-srvPort
55453
Successfully changed project path to: /Users/raghavagarwal/AR_Furniture
/Users/raghavagarwal/AR_Furniture
Using Asset Import Pipeline V2.
Refreshing native plugins compatible for Editor in 40.05 ms, found 1 plugins.
Preloading 0 native plugins for Editor in 0.00 ms.
Initialize engine version: 2020.3.9f1 (108be757e447)
[Subsystems] Discovering subsystems at path /Applications/2020.3.9f1/Unity.app/Contents/Resources/UnitySubsystems
[Subsystems] Discovering subsystems at path /Users/raghavagarwal/AR_Furniture/Assets
GfxDevice: creating device client; threaded=0
2021-08-21 13:41:55.285 Unity[4475:334055] Color LCD preferred device: Intel(R) Iris(TM) Plus Graphics 645 (low power)
2021-08-21 13:41:55.285 Unity[4475:334055] Metal devices available: 1
2021-08-21 13:41:55.285 Unity[4475:334055] 0: Intel(R) Iris(TM) Plus Graphics 645 (low power)
2021-08-21 13:41:55.285 Unity[4475:334055] Using device Intel(R) Iris(TM) Plus Graphics 645 (low power)
Initializing Metal device caps: Intel(R) Iris(TM) Plus Graphics 645
Initialize mono
Mono path[0] = '/Applications/2020.3.9f1/Unity.app/Contents/Managed'
Mono path[1] = '/Applications/2020.3.9f1/Unity.app/Contents/MonoBleedingEdge/lib/mono/unityjit'
Mono config path = '/Applications/2020.3.9f1/Unity.app/Contents/MonoBleedingEdge/etc'
Using monoOptions --debugger-agent=transport=dt_socket,embedding=1,server=y,suspend=n,address=127.0.0.1:56475
Begin MonoManager ReloadAssembly
Registering precompiled unity dll's ...
Register platform support module: /Applications/2020.3.9f1/Unity.app/Contents/PlaybackEngines/MacStandaloneSupport/UnityEditor.OSXStandalone.Extensions.dll
Registered in 0.000582 seconds.
Native extension for OSXStandalone target not found
Refreshing native plugins compatible for Editor in 35.14 ms, found 1 plugins.
Preloading 0 native plugins for Editor in 0.00 ms.
Mono: successfully reloaded assembly
- Completed reload, in  3.376 seconds
Platform modules already initialized, skipping
Registering precompiled user dll's ...
Registered in 0.000886 seconds.
Begin MonoManager ReloadAssembly
Native extension for OSXStandalone target not found
Refreshing native plugins compatible for Editor in 34.51 ms, found 1 plugins.
Preloading 0 native plugins for Editor in 0.00 ms.
Mono: successfully reloaded assembly
- Completed reload, in  1.213 seconds
Platform modules already initialized, skipping
========================================================================
Worker process is ready to serve import requests
Launching external process: /Applications/2020.3.9f1/Unity.app/Contents/Tools/UnityShaderCompiler
Launched and connected shader compiler UnityShaderCompiler after 0.01 seconds
Refreshing native plugins compatible for Editor in 0.37 ms, found 1 plugins.
Preloading 0 native plugins for Editor in 0.00 ms.
Unloading 1917 Unused Serialized files (Serialized files now loaded: 0)
System memory in use before: 159.8 MB.
System memory in use after: 159.9 MB.

Unloading 15 unused Assets to reduce memory usage. Loaded Objects now: 2379.
Total: 2.796612 ms (FindLiveObjects: 0.255675 ms CreateObjectMapping: 0.075006 ms MarkObjects: 2.380661 ms  DeleteObjects: 0.084298 ms)

========================================================================
Received Import Request.
  path: Assets/Plugins/Demigiant
  artifactKey: Guid(824744490fbf04dd4916965412eab3f2) Importer(815301076,1909f56bfc062723c751e8b465ee728b)
Start importing Assets/Plugins/Demigiant using Guid(824744490fbf04dd4916965412eab3f2) Importer(815301076,1909f56bfc062723c751e8b465ee728b)  -> (artifact id: '7d43da6c7efcde620b4814ba2e30ef72') in 0.013350 seconds
  Import took 0.017165 seconds .

