Using pre-set license

 COMMAND LINE ARGUMENTS:
/Applications/2020.3.9f1/Unity.app/Contents/MacOS/Unity
-adb2
-batchMode
-noUpm
-name
AssetImportWorker0
-projectPath
/Users/raghavagarwal/Downloads/AR_Furniture
-logFile
Logs/AssetImportWorker0.log
-srvPort
55946
Successfully changed project path to: /Users/raghavagarwal/Downloads/AR_Furniture
/Users/raghavagarwal/Downloads/AR_Furniture
Using Asset Import Pipeline V2.
Refreshing native plugins compatible for Editor in 39.73 ms, found 1 plugins.
Preloading 0 native plugins for Editor in 0.00 ms.
Initialize engine version: 2020.3.9f1 (108be757e447)
[Subsystems] Discovering subsystems at path /Applications/2020.3.9f1/Unity.app/Contents/Resources/UnitySubsystems
[Subsystems] Discovering subsystems at path /Users/raghavagarwal/Downloads/AR_Furniture/Assets
GfxDevice: creating device client; threaded=0
2021-06-22 15:19:04.944 Unity[11818:272970] Color LCD preferred device: Intel(R) Iris(TM) Plus Graphics 645 (low power)
2021-06-22 15:19:04.944 Unity[11818:272970] Metal devices available: 1
2021-06-22 15:19:04.944 Unity[11818:272970] 0: Intel(R) Iris(TM) Plus Graphics 645 (low power)
2021-06-22 15:19:04.944 Unity[11818:272970] Using device Intel(R) Iris(TM) Plus Graphics 645 (low power)
Initializing Metal device caps: Intel(R) Iris(TM) Plus Graphics 645
Initialize mono
Mono path[0] = '/Applications/2020.3.9f1/Unity.app/Contents/Managed'
Mono path[1] = '/Applications/2020.3.9f1/Unity.app/Contents/MonoBleedingEdge/lib/mono/unityjit'
Mono config path = '/Applications/2020.3.9f1/Unity.app/Contents/MonoBleedingEdge/etc'
Using monoOptions --debugger-agent=transport=dt_socket,embedding=1,server=y,suspend=n,address=127.0.0.1:56818
Begin MonoManager ReloadAssembly
Registering precompiled unity dll's ...
Register platform support module: /Applications/2020.3.9f1/PlaybackEngines/WebGLSupport/UnityEditor.WebGL.Extensions.dll
Register platform support module: /Applications/2020.3.9f1/Unity.app/Contents/PlaybackEngines/MacStandaloneSupport/UnityEditor.OSXStandalone.Extensions.dll
Registered in 0.000893 seconds.
Native extension for OSXStandalone target not found
Native extension for WebGL target not found
Refreshing native plugins compatible for Editor in 34.70 ms, found 1 plugins.
Preloading 0 native plugins for Editor in 0.00 ms.
Mono: successfully reloaded assembly
- Completed reload, in  3.310 seconds
Platform modules already initialized, skipping
Registering precompiled user dll's ...
Registered in 0.000978 seconds.
Begin MonoManager ReloadAssembly
Native extension for OSXStandalone target not found
Native extension for WebGL target not found
Refreshing native plugins compatible for Editor in 39.21 ms, found 1 plugins.
Preloading 0 native plugins for Editor in 0.00 ms.
Mono: successfully reloaded assembly
- Completed reload, in  1.294 seconds
Platform modules already initialized, skipping
========================================================================
Worker process is ready to serve import requests
Launching external process: /Applications/2020.3.9f1/Unity.app/Contents/Tools/UnityShaderCompiler
Launched and connected shader compiler UnityShaderCompiler after 0.02 seconds
Refreshing native plugins compatible for Editor in 0.41 ms, found 1 plugins.
Preloading 0 native plugins for Editor in 0.00 ms.
Unloading 1917 Unused Serialized files (Serialized files now loaded: 0)
System memory in use before: 149.5 MB.
System memory in use after: 149.6 MB.

Unloading 15 unused Assets to reduce memory usage. Loaded Objects now: 2365.
Total: 2.216096 ms (FindLiveObjects: 0.214847 ms CreateObjectMapping: 0.067798 ms MarkObjects: 1.856064 ms  DeleteObjects: 0.076465 ms)

========================================================================
Received Import Request.
  path: Assets/Prefabs/Sofa 1.prefab
  artifactKey: Guid(46260fa08534142f5bcf4aa829c30960) Importer(815301076,1909f56bfc062723c751e8b465ee728b)
Start importing Assets/Prefabs/Sofa 1.prefab using Guid(46260fa08534142f5bcf4aa829c30960) Importer(815301076,1909f56bfc062723c751e8b465ee728b)  -> (artifact id: 'd75dcc0def5f201a64b7e750037b591f') in 1.652904 seconds
  Import took 1.657621 seconds .

========================================================================
Received Import Request.
  Time since last request: 5.517858 seconds.
  path: Assets/Prefabs/Sofa.prefab
  artifactKey: Guid(57353449c7de7433790250b7cf1abebb) Importer(815301076,1909f56bfc062723c751e8b465ee728b)
Start importing Assets/Prefabs/Sofa.prefab using Guid(57353449c7de7433790250b7cf1abebb) Importer(815301076,1909f56bfc062723c751e8b465ee728b)  -> (artifact id: 'fe793538097c5c9ae758dc179b0bfef0') in 0.062252 seconds
  Import took 0.066714 seconds .

========================================================================
Received Prepare
Registering precompiled user dll's ...
Registered in 0.000809 seconds.
Begin MonoManager ReloadAssembly
Native extension for OSXStandalone target not found
Native extension for WebGL target not found
Refreshing native plugins compatible for Editor in 0.52 ms, found 1 plugins.
Preloading 0 native plugins for Editor in 0.00 ms.
Mono: successfully reloaded assembly
- Completed reload, in  1.154 seconds
Platform modules already initialized, skipping
Switching build target platform(2) subTarget(0) extendedPlatform(0) -> platform(13) subTarget(524288) extendedPlatform(0)
Refreshing native plugins compatible for Editor in 0.36 ms, found 1 plugins.
Preloading 0 native plugins for Editor in 0.00 ms.
Unloading 1909 Unused Serialized files (Serialized files now loaded: 0)
System memory in use before: 161.6 MB.
System memory in use after: 161.7 MB.

Unloading 8 unused Assets to reduce memory usage. Loaded Objects now: 2379.
Total: 2.250312 ms (FindLiveObjects: 0.203264 ms CreateObjectMapping: 0.071012 ms MarkObjects: 1.943784 ms  DeleteObjects: 0.031399 ms)

AssetImportParameters requested are different than current active one (requested -> active):
  custom:graphics/normal-map-encoding: 01000000000000000000000000000000 -> 02000000000000000000000000000000
========================================================================
Received Import Request.
  Time since last request: 237.752613 seconds.
  path: Assets/Prefabs/Sofa.prefab
  artifactKey: Guid(57353449c7de7433790250b7cf1abebb) Importer(815301076,1909f56bfc062723c751e8b465ee728b)
Start importing Assets/Prefabs/Sofa.prefab using Guid(57353449c7de7433790250b7cf1abebb) Importer(815301076,1909f56bfc062723c751e8b465ee728b)  -> (artifact id: '98a0543c6a226bc503b964c5b5d43bbf') in 0.744324 seconds
  Import took 0.748532 seconds .

========================================================================
Received Import Request.
  Time since last request: 1374.901069 seconds.
  path: Assets/Prefabs/Sofa.prefab
  artifactKey: Guid(57353449c7de7433790250b7cf1abebb) Importer(815301076,1909f56bfc062723c751e8b465ee728b)
Start importing Assets/Prefabs/Sofa.prefab using Guid(57353449c7de7433790250b7cf1abebb) Importer(815301076,1909f56bfc062723c751e8b465ee728b)  -> (artifact id: '36cd03f21ee6c4f3110287f8fb5d4457') in 0.163181 seconds
  Import took 0.166962 seconds .

========================================================================
Received Import Request.
  Time since last request: 167.516943 seconds.
  path: Assets/Prefabs/Drawer.prefab
  artifactKey: Guid(2871be770b0de4ea8ac07b9d8f2a6c57) Importer(815301076,1909f56bfc062723c751e8b465ee728b)
Start importing Assets/Prefabs/Drawer.prefab using Guid(2871be770b0de4ea8ac07b9d8f2a6c57) Importer(815301076,1909f56bfc062723c751e8b465ee728b)  -> (artifact id: '52fdfe1da8c0282cbab9c3f4c1a7cc0e') in 0.316898 seconds
  Import took 0.321624 seconds .

========================================================================
Received Import Request.
  Time since last request: 62.627757 seconds.
  path: Assets/Prefabs/Button.prefab
  artifactKey: Guid(36eaa53f8dd4e4435a40829db2bc82fb) Importer(815301076,1909f56bfc062723c751e8b465ee728b)
Start importing Assets/Prefabs/Button.prefab using Guid(36eaa53f8dd4e4435a40829db2bc82fb) Importer(815301076,1909f56bfc062723c751e8b465ee728b)  -> (artifact id: '36bdd78bd7e3c56dc11ddd61b5b89f4a') in 0.014694 seconds
  Import took 0.018466 seconds .

========================================================================
Received Import Request.
  Time since last request: 0.032738 seconds.
  path: Assets/Prefabs/Button.prefab
  artifactKey: Guid(36eaa53f8dd4e4435a40829db2bc82fb) Importer(815301076,1909f56bfc062723c751e8b465ee728b)
Start importing Assets/Prefabs/Button.prefab using Guid(36eaa53f8dd4e4435a40829db2bc82fb) Importer(815301076,1909f56bfc062723c751e8b465ee728b)  -> (artifact id: '36bdd78bd7e3c56dc11ddd61b5b89f4a') in 0.002986 seconds
  Import took 0.006647 seconds .

========================================================================
Received Import Request.
  Time since last request: 0.654690 seconds.
  path: Assets/Prefabs/chair.prefab
  artifactKey: Guid(8cf21f9ec3d3044bab59ea41e18a48a6) Importer(815301076,1909f56bfc062723c751e8b465ee728b)
Start importing Assets/Prefabs/chair.prefab using Guid(8cf21f9ec3d3044bab59ea41e18a48a6) Importer(815301076,1909f56bfc062723c751e8b465ee728b)  -> (artifact id: '26b0f8dde6a058a478a4e11eaad876e4') in 0.086238 seconds
  Import took 0.090174 seconds .

========================================================================
Received Import Request.
  Time since last request: 12.391437 seconds.
  path: Assets/Prefabs/Drawer.prefab
  artifactKey: Guid(2871be770b0de4ea8ac07b9d8f2a6c57) Importer(815301076,1909f56bfc062723c751e8b465ee728b)
Start importing Assets/Prefabs/Drawer.prefab using Guid(2871be770b0de4ea8ac07b9d8f2a6c57) Importer(815301076,1909f56bfc062723c751e8b465ee728b)  -> (artifact id: '537c51043c082c960912a1e335635e97') in 0.121221 seconds
  Import took 0.126268 seconds .

========================================================================
Received Import Request.
  Time since last request: 193.917079 seconds.
  path: Assets/Prefabs/Table.prefab
  artifactKey: Guid(48789fadee4184425abd909d06a16397) Importer(815301076,1909f56bfc062723c751e8b465ee728b)
Start importing Assets/Prefabs/Table.prefab using Guid(48789fadee4184425abd909d06a16397) Importer(815301076,1909f56bfc062723c751e8b465ee728b)  -> (artifact id: 'bafe1b7148f715e3e7440d4d49a93749') in 0.040571 seconds
  Import took 0.047795 seconds .

========================================================================
Received Prepare
Refreshing native plugins compatible for Editor in 2.24 ms, found 1 plugins.
Preloading 0 native plugins for Editor in 0.00 ms.
Unloading 5 Unused Serialized files (Serialized files now loaded: 0)
System memory in use before: 145.5 MB.
System memory in use after: 145.6 MB.

Unloading 5 unused Assets to reduce memory usage. Loaded Objects now: 2384.
Total: 2.986384 ms (FindLiveObjects: 0.225079 ms CreateObjectMapping: 0.080516 ms MarkObjects: 2.659789 ms  DeleteObjects: 0.020157 ms)

========================================================================
Received Import Request.
  Time since last request: 1740.845654 seconds.
  path: Assets/Prefabs/Drawer.prefab
  artifactKey: Guid(2871be770b0de4ea8ac07b9d8f2a6c57) Importer(815301076,1909f56bfc062723c751e8b465ee728b)
Start importing Assets/Prefabs/Drawer.prefab using Guid(2871be770b0de4ea8ac07b9d8f2a6c57) Importer(815301076,1909f56bfc062723c751e8b465ee728b)  -> (artifact id: 'f9a74718d65480d53f4b209782a0c9b6') in 0.236233 seconds
  Import took 0.266646 seconds .

========================================================================
Received Import Request.
  Time since last request: 20.905287 seconds.
  path: Assets/Prefabs/Drawer.prefab
  artifactKey: Guid(2871be770b0de4ea8ac07b9d8f2a6c57) Importer(815301076,1909f56bfc062723c751e8b465ee728b)
Start importing Assets/Prefabs/Drawer.prefab using Guid(2871be770b0de4ea8ac07b9d8f2a6c57) Importer(815301076,1909f56bfc062723c751e8b465ee728b)  -> (artifact id: '893a310320cdfe9643be7e670d2e0306') in 0.137993 seconds
  Import took 0.141640 seconds .

========================================================================
Received Import Request.
  Time since last request: 10.986365 seconds.
  path: Assets/Prefabs/Drawer.prefab
  artifactKey: Guid(2871be770b0de4ea8ac07b9d8f2a6c57) Importer(815301076,1909f56bfc062723c751e8b465ee728b)
Start importing Assets/Prefabs/Drawer.prefab using Guid(2871be770b0de4ea8ac07b9d8f2a6c57) Importer(815301076,1909f56bfc062723c751e8b465ee728b)  -> (artifact id: 'df21c91fcae332c2d23b10529c91421c') in 0.132273 seconds
  Import took 0.144521 seconds .

========================================================================
Received Import Request.
  Time since last request: 10.784315 seconds.
  path: Assets/Prefabs/Drawer.prefab
  artifactKey: Guid(2871be770b0de4ea8ac07b9d8f2a6c57) Importer(815301076,1909f56bfc062723c751e8b465ee728b)
Start importing Assets/Prefabs/Drawer.prefab using Guid(2871be770b0de4ea8ac07b9d8f2a6c57) Importer(815301076,1909f56bfc062723c751e8b465ee728b)  -> (artifact id: 'a6f6b93419675b0fe8c2ab0d6013342f') in 0.142808 seconds
  Import took 0.147848 seconds .

